  pch.cpp
  dllmain.cpp
  HT.cpp
C:\Users\Erik\Desktop\SP\DLL\OS11_HTAPI\HT.cpp(1): warning C4603: _CRT_SECURE_NO_WARNINGS: макрос не определен или определение изменилось после использования предкомпилированного заголовка
C:\Users\Erik\Desktop\SP\DLL\OS11_HTAPI\HT.cpp(1): message : Добавление макроопределения в предкомпилированный заголовок вместо определения его здесь
C:\Users\Erik\Desktop\SP\DLL\OS11_HTAPI\HT.cpp(4): message : использование предварительно скомпилированного заголовка
C:\Users\Erik\Desktop\SP\DLL\OS11_HTAPI\HT.cpp(2): warning C4603: _CRT_NON_CONFORMING_WCSTOK: макрос не определен или определение изменилось после использования предкомпилированного заголовка
C:\Users\Erik\Desktop\SP\DLL\OS11_HTAPI\HT.cpp(2): message : Добавление макроопределения в предкомпилированный заголовок вместо определения его здесь
C:\Users\Erik\Desktop\SP\DLL\OS11_HTAPI\HT.cpp(4): message : использование предварительно скомпилированного заголовка
C:\Users\Erik\Desktop\SP\DLL\OS11_HTAPI\HT.h(33,3): warning C4091: __declspec(dllexport): пропускается слева от "HT::HTHANDLE", когда ни одна переменная не объявлена
C:\Users\Erik\Desktop\SP\DLL\OS11_HTAPI\HT.h(45,3): warning C4091: __declspec(dllexport): пропускается слева от "HT::Element", когда ни одна переменная не объявлена
C:\Users\Erik\Desktop\SP\DLL\OS11_HTAPI\HT.cpp(80,2): warning C4297: HT::Create: ожидается, что функция не будет выдавать исключения, но она это делает
C:\Users\Erik\Desktop\SP\DLL\OS11_HTAPI\HT.cpp(80,2): message : для функции указан атрибут __declspec(nothrow), throw(), noexcept(true) или noexcept
C:\Users\Erik\Desktop\SP\DLL\OS11_HTAPI\HT.cpp(88,2): warning C4297: HT::Create: ожидается, что функция не будет выдавать исключения, но она это делает
C:\Users\Erik\Desktop\SP\DLL\OS11_HTAPI\HT.cpp(88,2): message : для функции указан атрибут __declspec(nothrow), throw(), noexcept(true) или noexcept
C:\Users\Erik\Desktop\SP\DLL\OS11_HTAPI\HT.cpp(94,2): warning C4297: HT::Create: ожидается, что функция не будет выдавать исключения, но она это делает
C:\Users\Erik\Desktop\SP\DLL\OS11_HTAPI\HT.cpp(94,2): message : для функции указан атрибут __declspec(nothrow), throw(), noexcept(true) или noexcept
C:\Users\Erik\Desktop\SP\DLL\OS11_HTAPI\HT.cpp(102,2): warning C4297: HT::Create: ожидается, что функция не будет выдавать исключения, но она это делает
C:\Users\Erik\Desktop\SP\DLL\OS11_HTAPI\HT.cpp(102,2): message : для функции указан атрибут __declspec(nothrow), throw(), noexcept(true) или noexcept
C:\Users\Erik\Desktop\SP\DLL\OS11_HTAPI\HT.cpp(133,2): warning C4297: HT::OpenExist: ожидается, что функция не будет выдавать исключения, но она это делает
C:\Users\Erik\Desktop\SP\DLL\OS11_HTAPI\HT.cpp(133,2): message : для функции указан атрибут __declspec(nothrow), throw(), noexcept(true) или noexcept
C:\Users\Erik\Desktop\SP\DLL\OS11_HTAPI\HT.cpp(141,2): warning C4297: HT::OpenExist: ожидается, что функция не будет выдавать исключения, но она это делает
C:\Users\Erik\Desktop\SP\DLL\OS11_HTAPI\HT.cpp(141,2): message : для функции указан атрибут __declspec(nothrow), throw(), noexcept(true) или noexcept
C:\Users\Erik\Desktop\SP\DLL\OS11_HTAPI\HT.cpp(148,2): warning C4297: HT::OpenExist: ожидается, что функция не будет выдавать исключения, но она это делает
C:\Users\Erik\Desktop\SP\DLL\OS11_HTAPI\HT.cpp(148,2): message : для функции указан атрибут __declspec(nothrow), throw(), noexcept(true) или noexcept
C:\Users\Erik\Desktop\SP\DLL\OS11_HTAPI\HT.cpp(173,2): warning C4297: HT::Open: ожидается, что функция не будет выдавать исключения, но она это делает
C:\Users\Erik\Desktop\SP\DLL\OS11_HTAPI\HT.cpp(173,2): message : для функции указан атрибут __declspec(nothrow), throw(), noexcept(true) или noexcept
C:\Users\Erik\Desktop\SP\DLL\OS11_HTAPI\HT.cpp(179,2): warning C4297: HT::Open: ожидается, что функция не будет выдавать исключения, но она это делает
C:\Users\Erik\Desktop\SP\DLL\OS11_HTAPI\HT.cpp(179,2): message : для функции указан атрибут __declspec(nothrow), throw(), noexcept(true) или noexcept
C:\Users\Erik\Desktop\SP\DLL\OS11_HTAPI\HT.cpp(185,2): warning C4297: HT::Open: ожидается, что функция не будет выдавать исключения, но она это делает
C:\Users\Erik\Desktop\SP\DLL\OS11_HTAPI\HT.cpp(185,2): message : для функции указан атрибут __declspec(nothrow), throw(), noexcept(true) или noexcept
C:\Users\Erik\Desktop\SP\DLL\OS11_HTAPI\HT.cpp(191,2): warning C4297: HT::Open: ожидается, что функция не будет выдавать исключения, но она это делает
C:\Users\Erik\Desktop\SP\DLL\OS11_HTAPI\HT.cpp(191,2): message : для функции указан атрибут __declspec(nothrow), throw(), noexcept(true) или noexcept
  Создание кода...
     Создается библиотека C:\Users\Erik\Desktop\SP\DLL\x64\Debug\OS11_HTAPI.lib и объект C:\Users\Erik\Desktop\SP\DLL\x64\Debug\OS11_HTAPI.exp
  OS11_HTAPI.vcxproj -> C:\Users\Erik\Desktop\SP\DLL\x64\Debug\OS11_HTAPI.dll
