d:\3 kurs\sem1\sp\dll\dll\os11_htapi\x64\debug\os11_htapi.pch
d:\3 kurs\sem1\sp\dll\dll\os11_htapi\x64\debug\vc143.pdb
d:\3 kurs\sem1\sp\dll\dll\os11_htapi\x64\debug\vc143.idb
d:\3 kurs\sem1\sp\dll\dll\os11_htapi\x64\debug\pch.obj
d:\3 kurs\sem1\sp\dll\dll\os11_htapi\x64\debug\ht.obj
d:\3 kurs\sem1\sp\dll\dll\os11_htapi\x64\debug\dllmain.obj
d:\3 kurs\sem1\sp\dll\dll\os11_htapi\x64\debug\os11_htapi.ilk
d:\3 kurs\sem1\sp\dll\dll\x64\debug\os11_htapi.dll
d:\3 kurs\sem1\sp\dll\dll\x64\debug\os11_htapi.pdb
d:\3 kurs\sem1\sp\dll\dll\x64\debug\os11_htapi.lib
d:\3 kurs\sem1\sp\dll\dll\x64\debug\os11_htapi.exp
c:\users\erik\desktop\sp\dll\os11_htapi\x64\debug\dllmain.obj
c:\users\erik\desktop\sp\dll\os11_htapi\x64\debug\ht.obj
c:\users\erik\desktop\sp\dll\os11_htapi\x64\debug\pch.obj
c:\users\erik\desktop\sp\dll\os11_htapi\x64\debug\os11_htapi.ilk
c:\users\erik\desktop\sp\dll\os11_htapi\x64\debug\os11_htapi.pch
c:\users\erik\desktop\sp\dll\os11_htapi\x64\debug\vc143.idb
c:\users\erik\desktop\sp\dll\os11_htapi\x64\debug\vc143.pdb
c:\users\erik\desktop\sp\dll\x64\debug\os11_htapi.pdb
c:\users\erik\desktop\sp\dll\x64\debug\os11_htapi.dll
c:\users\erik\desktop\sp\dll\os11_htapi\x64\debug\os11_htapi.tlog\cl.command.1.tlog
c:\users\erik\desktop\sp\dll\os11_htapi\x64\debug\os11_htapi.tlog\cl.read.1.tlog
c:\users\erik\desktop\sp\dll\os11_htapi\x64\debug\os11_htapi.tlog\cl.write.1.tlog
c:\users\erik\desktop\sp\dll\os11_htapi\x64\debug\os11_htapi.tlog\link.command.1.tlog
c:\users\erik\desktop\sp\dll\os11_htapi\x64\debug\os11_htapi.tlog\link.read.1.tlog
c:\users\erik\desktop\sp\dll\os11_htapi\x64\debug\os11_htapi.tlog\link.write.1.tlog
c:\users\erik\desktop\sp\dll\os11_htapi\x64\debug\os11_htapi.tlog\os11_htapi.write.1u.tlog
