d:\3kurs\sem_1\sp\os15\os15_htapi\x64\debug\os15_htapi.pch
d:\3kurs\sem_1\sp\os15\x64\debug\os15_htapi.pdb
d:\3kurs\sem_1\sp\os15\x64\debug\os15_htapi.idb
d:\3kurs\sem_1\sp\os15\os15_htapi\x64\debug\pch.obj
d:\3kurs\sem_1\sp\os15\os15_htapi\x64\debug\ht.obj
d:\3kurs\sem_1\sp\os15\os15_htapi\x64\debug\element.obj
d:\3kurs\sem_1\sp\os15\os15_htapi\x64\debug\auth.obj
d:\3kurs\sem_1\sp\os15\x64\debug\os15_htapi.lib
d:\3 kurs\sem1\sp\os_lab15\os15\os15_htapi\x64\debug\auth.obj
d:\3 kurs\sem1\sp\os_lab15\os15\os15_htapi\x64\debug\element.obj
d:\3 kurs\sem1\sp\os_lab15\os15\os15_htapi\x64\debug\ht.obj
d:\3 kurs\sem1\sp\os_lab15\os15\os15_htapi\x64\debug\pch.obj
d:\3 kurs\sem1\sp\os_lab15\os15\os15_htapi\x64\debug\os15_htapi.pch
d:\3 kurs\sem1\sp\os_lab15\os15\x64\debug\os15_htapi.pdb
d:\3 kurs\sem1\sp\os_lab15\os15\x64\debug\os15_htapi.lib
d:\3 kurs\sem1\sp\os_lab15\os15\os15_htapi\x64\debug\os15_htapi.tlog\cl.command.1.tlog
d:\3 kurs\sem1\sp\os_lab15\os15\os15_htapi\x64\debug\os15_htapi.tlog\cl.items.tlog
d:\3 kurs\sem1\sp\os_lab15\os15\os15_htapi\x64\debug\os15_htapi.tlog\cl.read.1.tlog
d:\3 kurs\sem1\sp\os_lab15\os15\os15_htapi\x64\debug\os15_htapi.tlog\cl.write.1.tlog
d:\3 kurs\sem1\sp\os_lab15\os15\os15_htapi\x64\debug\os15_htapi.tlog\lib-link.read.1.tlog
d:\3 kurs\sem1\sp\os_lab15\os15\os15_htapi\x64\debug\os15_htapi.tlog\lib-link.write.1.tlog
d:\3 kurs\sem1\sp\os_lab15\os15\os15_htapi\x64\debug\os15_htapi.tlog\lib.command.1.tlog
