d:\3 kurs\sem1\sp\com\com\os12_com\debug\os12_com.pch
d:\3 kurs\sem1\sp\com\com\os12_com\debug\vc143.pdb
d:\3 kurs\sem1\sp\com\com\os12_com\debug\vc143.idb
d:\3 kurs\sem1\sp\com\com\os12_com\debug\pch.obj
d:\3 kurs\sem1\sp\com\com\os12_com\debug\registry.obj
d:\3 kurs\sem1\sp\com\com\os12_com\debug\os12_com.obj
d:\3 kurs\sem1\sp\com\com\os12_com\debug\mathfactory.obj
d:\3 kurs\sem1\sp\com\com\os12_com\debug\dllmain.obj
d:\3 kurs\sem1\sp\com\com\os12_com\debug\os12_com.ilk
d:\3 kurs\sem1\sp\com\com\debug\os12_com.dll
d:\3 kurs\sem1\sp\com\com\debug\os12_com.pdb
d:\3 kurs\sem1\sp\com\com\debug\os12_com.lib
d:\3 kurs\sem1\sp\com\com\debug\os12_com.exp
c:\users\erik\desktop\sp\com\com\os12_com\debug\dllmain.obj
c:\users\erik\desktop\sp\com\com\os12_com\debug\mathfactory.obj
c:\users\erik\desktop\sp\com\com\os12_com\debug\os12_com.obj
c:\users\erik\desktop\sp\com\com\os12_com\debug\pch.obj
c:\users\erik\desktop\sp\com\com\os12_com\debug\registry.obj
c:\users\erik\desktop\sp\com\com\os12_com\debug\os12_com.ilk
c:\users\erik\desktop\sp\com\com\os12_com\debug\os12_com.pch
c:\users\erik\desktop\sp\com\com\os12_com\debug\vc143.idb
c:\users\erik\desktop\sp\com\com\os12_com\debug\vc143.pdb
c:\users\erik\desktop\sp\com\com\debug\os12_com.pdb
c:\users\erik\desktop\sp\com\com\debug\os12_com.dll
c:\users\erik\desktop\sp\com\com\os12_com\debug\os12_com.tlog\cl.command.1.tlog
c:\users\erik\desktop\sp\com\com\os12_com\debug\os12_com.tlog\cl.read.1.tlog
c:\users\erik\desktop\sp\com\com\os12_com\debug\os12_com.tlog\cl.write.1.tlog
c:\users\erik\desktop\sp\com\com\os12_com\debug\os12_com.tlog\link.command.1.tlog
c:\users\erik\desktop\sp\com\com\os12_com\debug\os12_com.tlog\link.read.1.tlog
c:\users\erik\desktop\sp\com\com\os12_com\debug\os12_com.tlog\link.write.1.tlog
c:\users\erik\desktop\sp\com\com\os12_com\debug\os12_com.tlog\os12_com.write.1u.tlog
