d:\3kurs\sem_1\sp\os15\os15_htservice\x64\debug\vc143.pdb
d:\3kurs\sem_1\sp\os15\os15_htservice\x64\debug\vc143.idb
d:\3kurs\sem_1\sp\os15\os15_htservice\x64\debug\main.obj
d:\3kurs\sem_1\sp\os15\os15_htservice\x64\debug\os15_htservice.obj
d:\3kurs\sem_1\sp\os15\x64\debug\os15_htservice.exe
d:\3kurs\sem_1\sp\os15\os15_htservice\x64\debug\os15_htservice.ilk
d:\3kurs\sem_1\sp\os15\x64\debug\os15_htservice.pdb
d:\3 kurs\sem1\sp\os_lab15\os15\os15_htservice\x64\debug\main.obj
d:\3 kurs\sem1\sp\os_lab15\os15\os15_htservice\x64\debug\os15_htservice.obj
d:\3 kurs\sem1\sp\os_lab15\os15\os15_htservice\x64\debug\os15_htservice.ilk
d:\3 kurs\sem1\sp\os_lab15\os15\os15_htservice\x64\debug\vc143.idb
d:\3 kurs\sem1\sp\os_lab15\os15\os15_htservice\x64\debug\vc143.pdb
d:\3 kurs\sem1\sp\os_lab15\os15\x64\debug\os15_htservice.pdb
d:\3 kurs\sem1\sp\os_lab15\os15\x64\debug\os15_htservice.exe
d:\3 kurs\sem1\sp\os_lab15\os15\os15_htservice\x64\debug\os15_htservice.tlog\cl.command.1.tlog
d:\3 kurs\sem1\sp\os_lab15\os15\os15_htservice\x64\debug\os15_htservice.tlog\cl.items.tlog
d:\3 kurs\sem1\sp\os_lab15\os15\os15_htservice\x64\debug\os15_htservice.tlog\cl.read.1.tlog
d:\3 kurs\sem1\sp\os_lab15\os15\os15_htservice\x64\debug\os15_htservice.tlog\cl.write.1.tlog
d:\3 kurs\sem1\sp\os_lab15\os15\os15_htservice\x64\debug\os15_htservice.tlog\link.command.1.tlog
d:\3 kurs\sem1\sp\os_lab15\os15\os15_htservice\x64\debug\os15_htservice.tlog\link.read.1.tlog
d:\3 kurs\sem1\sp\os_lab15\os15\os15_htservice\x64\debug\os15_htservice.tlog\link.write.1.tlog
