c:\users\erik\desktop\sp\os_lab14\os14_htcom\debug\os14_htcom.pch
c:\users\erik\desktop\sp\os_lab14\os14_htcom\debug\vc143.pdb
c:\users\erik\desktop\sp\os_lab14\os14_htcom\debug\vc143.idb
c:\users\erik\desktop\sp\os_lab14\os14_htcom\debug\pch.obj
c:\users\erik\desktop\sp\os_lab14\os14_htcom\debug\registry.obj
c:\users\erik\desktop\sp\os_lab14\os14_htcom\debug\exportfunctions.obj
c:\users\erik\desktop\sp\os_lab14\os14_htcom\debug\dllmain.obj
c:\users\erik\desktop\sp\os_lab14\os14_htcom\debug\componentht.obj
c:\users\erik\desktop\sp\os_lab14\os14_htcom\debug\classfactory.obj
c:\users\erik\desktop\sp\os_lab14\os14_htcom\debug\os14_htcom.ilk
c:\users\erik\desktop\sp\os_lab14\debug\os14_htcom.dll
c:\users\erik\desktop\sp\os_lab14\debug\os14_htcom.pdb
c:\users\erik\desktop\sp\os_lab14\debug\os14_htcom.lib
c:\users\erik\desktop\sp\os_lab14\debug\os14_htcom.exp
c:\users\erik\desktop\sp\os_lab14\os14_htcom\debug\os14_htcom.tlog\cl.command.1.tlog
c:\users\erik\desktop\sp\os_lab14\os14_htcom\debug\os14_htcom.tlog\cl.read.1.tlog
c:\users\erik\desktop\sp\os_lab14\os14_htcom\debug\os14_htcom.tlog\cl.write.1.tlog
c:\users\erik\desktop\sp\os_lab14\os14_htcom\debug\os14_htcom.tlog\link.command.1.tlog
c:\users\erik\desktop\sp\os_lab14\os14_htcom\debug\os14_htcom.tlog\link.read.1.tlog
c:\users\erik\desktop\sp\os_lab14\os14_htcom\debug\os14_htcom.tlog\link.write.1.tlog
c:\users\erik\desktop\sp\os_lab14\os14_htcom\debug\os14_htcom.tlog\os14_htcom.write.1u.tlog
