c:\users\erik\desktop\sp\os_lab15\os15\os15_htcom\debug\os15_htcom.pch
c:\users\erik\desktop\sp\os_lab15\os15\os15_htcom\debug\vc143.pdb
c:\users\erik\desktop\sp\os_lab15\os15\os15_htcom\debug\vc143.idb
c:\users\erik\desktop\sp\os_lab15\os15\os15_htcom\debug\pch.obj
c:\users\erik\desktop\sp\os_lab15\os15\os15_htcom\debug\registry.obj
c:\users\erik\desktop\sp\os_lab15\os15\os15_htcom\debug\exportfunctions.obj
c:\users\erik\desktop\sp\os_lab15\os15\os15_htcom\debug\dllmain.obj
c:\users\erik\desktop\sp\os_lab15\os15\os15_htcom\debug\componentht.obj
c:\users\erik\desktop\sp\os_lab15\os15\os15_htcom\debug\classfactory.obj
c:\users\erik\desktop\sp\os_lab15\os15\os15_htcom\debug\os15_htcom.ilk
c:\users\erik\desktop\sp\os_lab15\os15\debug\os15_htcom.dll
c:\users\erik\desktop\sp\os_lab15\os15\debug\os15_htcom.pdb
c:\users\erik\desktop\sp\os_lab15\os15\debug\os15_htcom.lib
c:\users\erik\desktop\sp\os_lab15\os15\debug\os15_htcom.exp
c:\users\erik\desktop\sp\os_lab15\os15\os15_htcom\debug\os15_htcom.tlog\cl.command.1.tlog
c:\users\erik\desktop\sp\os_lab15\os15\os15_htcom\debug\os15_htcom.tlog\cl.read.1.tlog
c:\users\erik\desktop\sp\os_lab15\os15\os15_htcom\debug\os15_htcom.tlog\cl.write.1.tlog
c:\users\erik\desktop\sp\os_lab15\os15\os15_htcom\debug\os15_htcom.tlog\link.command.1.tlog
c:\users\erik\desktop\sp\os_lab15\os15\os15_htcom\debug\os15_htcom.tlog\link.read.1.tlog
c:\users\erik\desktop\sp\os_lab15\os15\os15_htcom\debug\os15_htcom.tlog\link.write.1.tlog
c:\users\erik\desktop\sp\os_lab15\os15\os15_htcom\debug\os15_htcom.tlog\os15_htcom.write.1u.tlog
